Using pre-set license
Built from '2022.3/release' branch; Version is '2022.3.5f1 (9674261d40ee) revision 9860134'; Using compiler version '192829333'; Build Type 'Release'
OS: 'Windows 11  (10.0.22631) 64bit Professional' Language: 'en' Physical Memory: 16309 MB
BatchMode: 1, IsHumanControllingUs: 0, StartBugReporterOnCrash: 0, Is64bit: 1, IsPro: 1

COMMAND LINE ARGUMENTS:
E:\Program Files\Unity\Hub\Editor\2022.3.5f1\Editor\Unity.exe
-adb2
-batchMode
-noUpm
-name
AssetImportWorker7
-projectPath
E:/UnityProjects/AcerolaGameJam/Acerola_Game_Jam
-logFile
Logs/AssetImportWorker7.log
-srvPort
58595
Successfully changed project path to: E:/UnityProjects/AcerolaGameJam/Acerola_Game_Jam
E:/UnityProjects/AcerolaGameJam/Acerola_Game_Jam
[UnityMemory] Configuration Parameters - Can be set up in boot.config
    "memorysetup-bucket-allocator-granularity=16"
    "memorysetup-bucket-allocator-bucket-count=8"
    "memorysetup-bucket-allocator-block-size=33554432"
    "memorysetup-bucket-allocator-block-count=8"
    "memorysetup-main-allocator-block-size=16777216"
    "memorysetup-thread-allocator-block-size=16777216"
    "memorysetup-gfx-main-allocator-block-size=16777216"
    "memorysetup-gfx-thread-allocator-block-size=16777216"
    "memorysetup-cache-allocator-block-size=4194304"
    "memorysetup-typetree-allocator-block-size=2097152"
    "memorysetup-profiler-bucket-allocator-granularity=16"
    "memorysetup-profiler-bucket-allocator-bucket-count=8"
    "memorysetup-profiler-bucket-allocator-block-size=33554432"
    "memorysetup-profiler-bucket-allocator-block-count=8"
    "memorysetup-profiler-allocator-block-size=16777216"
    "memorysetup-profiler-editor-allocator-block-size=1048576"
    "memorysetup-temp-allocator-size-main=16777216"
    "memorysetup-job-temp-allocator-block-size=2097152"
    "memorysetup-job-temp-allocator-block-size-background=1048576"
    "memorysetup-job-temp-allocator-reduction-small-platforms=262144"
    "memorysetup-allocator-temp-initial-block-size-main=262144"
    "memorysetup-allocator-temp-initial-block-size-worker=262144"
    "memorysetup-temp-allocator-size-background-worker=32768"
    "memorysetup-temp-allocator-size-job-worker=262144"
    "memorysetup-temp-allocator-size-preload-manager=33554432"
    "memorysetup-temp-allocator-size-nav-mesh-worker=65536"
    "memorysetup-temp-allocator-size-audio-worker=65536"
    "memorysetup-temp-allocator-size-cloud-worker=32768"
    "memorysetup-temp-allocator-size-gi-baking-worker=262144"
    "memorysetup-temp-allocator-size-gfx=262144"
Player connection [25952] Host "[IP] 192.168.0.218 [Port] 0 [Flags] 2 [Guid] 4083711658 [EditorId] 4083711658 [Version] 1048832 [Id] WindowsEditor(7,DESKTOP-HVFPI29) [Debug] 1 [PackageName] WindowsEditor [ProjectName] Editor" joined multi-casting on [225.0.0.222:54997]...

Player connection [25952] Host "[IP] 192.168.0.218 [Port] 0 [Flags] 2 [Guid] 4083711658 [EditorId] 4083711658 [Version] 1048832 [Id] WindowsEditor(7,DESKTOP-HVFPI29) [Debug] 1 [PackageName] WindowsEditor [ProjectName] Editor" joined alternative multi-casting on [225.0.0.222:34997]...

Platform WindowsStandaloneSupport does not support graphics device type 
Refreshing native plugins compatible for Editor in 5.82 ms, found 0 plugins.
Preloading 0 native plugins for Editor in 0.00 ms.
Initialize engine version: 2022.3.5f1 (9674261d40ee)
[Subsystems] Discovering subsystems at path E:/Program Files/Unity/Hub/Editor/2022.3.5f1/Editor/Data/Resources/UnitySubsystems
[Subsystems] Discovering subsystems at path E:/UnityProjects/AcerolaGameJam/Acerola_Game_Jam/Assets
GfxDevice: creating device client; threaded=0; jobified=0
Direct3D:
    Version:  Direct3D 11.0 [level 11.1]
    Renderer: AMD Radeon RX 6800 (ID=0x73bf)
    Vendor:   ATI
    VRAM:     16338 MB
    Driver:   31.0.24002.92
Initialize mono
Mono path[0] = 'E:/Program Files/Unity/Hub/Editor/2022.3.5f1/Editor/Data/Managed'
Mono path[1] = 'E:/Program Files/Unity/Hub/Editor/2022.3.5f1/Editor/Data/MonoBleedingEdge/lib/mono/unityjit-win32'
Mono config path = 'E:/Program Files/Unity/Hub/Editor/2022.3.5f1/Editor/Data/MonoBleedingEdge/etc'
Using monoOptions --debugger-agent=transport=dt_socket,embedding=1,server=y,suspend=n,address=127.0.0.1:56968
Begin MonoManager ReloadAssembly
Registering precompiled unity dll's ...
Register platform support module: E:/Program Files/Unity/Hub/Editor/2022.3.5f1/Editor/Data/PlaybackEngines/WebGLSupport/UnityEditor.WebGL.Extensions.dll
Register platform support module: E:/Program Files/Unity/Hub/Editor/2022.3.5f1/Editor/Data/PlaybackEngines/WindowsStandaloneSupport/UnityEditor.WindowsStandalone.Extensions.dll
Registered in 0.013843 seconds.
- Loaded All Assemblies, in  0.666 seconds
Native extension for WindowsStandalone target not found
Native extension for WebGL target not found
Mono: successfully reloaded assembly
- Finished resetting the current domain, in  0.347 seconds
Domain Reload Profiling: 1013ms
	BeginReloadAssembly (307ms)
		ExecutionOrderSort (0ms)
		DisableScriptedObjects (0ms)
		BackupInstance (0ms)
		ReleaseScriptingObjects (0ms)
		CreateAndSetChildDomain (1ms)
	RebuildCommonClasses (58ms)
	RebuildNativeTypeToScriptingClass (15ms)
	initialDomainReloadingComplete (80ms)
	LoadAllAssembliesAndSetupDomain (206ms)
		LoadAssemblies (308ms)
		RebuildTransferFunctionScriptingTraits (0ms)
		AnalyzeDomain (200ms)
			TypeCache.Refresh (199ms)
				TypeCache.ScanAssembly (183ms)
			ScanForSourceGeneratedMonoScriptInfo (0ms)
			ResolveRequiredComponents (1ms)
	FinalizeReload (348ms)
		ReleaseScriptCaches (0ms)
		RebuildScriptCaches (0ms)
		SetupLoadedEditorAssemblies (270ms)
			LogAssemblyErrors (0ms)
			InitializePlatformSupportModulesInManaged (11ms)
			SetLoadedEditorAssemblies (7ms)
			RefreshPlugins (0ms)
			BeforeProcessingInitializeOnLoad (3ms)
			ProcessInitializeOnLoadAttributes (182ms)
			ProcessInitializeOnLoadMethodAttributes (67ms)
			AfterProcessingInitializeOnLoad (0ms)
			EditorAssembliesLoaded (0ms)
		ExecutionOrderSort2 (0ms)
		AwakeInstancesAfterBackupRestoration (0ms)
========================================================================
Worker process is ready to serve import requests
Begin MonoManager ReloadAssembly
- Loaded All Assemblies, in  0.977 seconds
Refreshing native plugins compatible for Editor in 132.45 ms, found 0 plugins.
Native extension for WindowsStandalone target not found
Native extension for WebGL target not found
Mono: successfully reloaded assembly
- Finished resetting the current domain, in  0.898 seconds
Domain Reload Profiling: 1874ms
	BeginReloadAssembly (301ms)
		ExecutionOrderSort (0ms)
		DisableScriptedObjects (7ms)
		BackupInstance (0ms)
		ReleaseScriptingObjects (0ms)
		CreateAndSetChildDomain (26ms)
	RebuildCommonClasses (45ms)
	RebuildNativeTypeToScriptingClass (15ms)
	initialDomainReloadingComplete (49ms)
	LoadAllAssembliesAndSetupDomain (566ms)
		LoadAssemblies (431ms)
		RebuildTransferFunctionScriptingTraits (0ms)
		AnalyzeDomain (357ms)
			TypeCache.Refresh (322ms)
				TypeCache.ScanAssembly (308ms)
			ScanForSourceGeneratedMonoScriptInfo (19ms)
			ResolveRequiredComponents (16ms)
	FinalizeReload (898ms)
		ReleaseScriptCaches (0ms)
		RebuildScriptCaches (0ms)
		SetupLoadedEditorAssemblies (687ms)
			LogAssemblyErrors (0ms)
			InitializePlatformSupportModulesInManaged (7ms)
			SetLoadedEditorAssemblies (4ms)
			RefreshPlugins (0ms)
			BeforeProcessingInitializeOnLoad (70ms)
			ProcessInitializeOnLoadAttributes (464ms)
			ProcessInitializeOnLoadMethodAttributes (138ms)
			AfterProcessingInitializeOnLoad (3ms)
			EditorAssembliesLoaded (0ms)
		ExecutionOrderSort2 (0ms)
		AwakeInstancesAfterBackupRestoration (7ms)
Platform WindowsStandaloneSupport does not support graphics device type 
Launched and connected shader compiler UnityShaderCompiler.exe after 0.90 seconds
Refreshing native plugins compatible for Editor in 3.59 ms, found 0 plugins.
Preloading 0 native plugins for Editor in 0.00 ms.
Unloading 2946 Unused Serialized files (Serialized files now loaded: 0)
Unloading 108 unused Assets / (2.4 MB). Loaded Objects now: 3408.
Memory consumption went from 177.5 MB to 175.1 MB.
Total: 6.877500 ms (FindLiveObjects: 0.470500 ms CreateObjectMapping: 0.114600 ms MarkObjects: 5.058900 ms  DeleteObjects: 1.232200 ms)

AssetImportParameters requested are different than current active one (requested -> active):
  custom:video-decoder-webm-vp8: 9c59270c3fd7afecdb556c50c9e8de78 -> 
  custom:container-demuxer-ogg: 62fdf1f143b41e24485cea50d1cbac27 -> 
  custom:AudioImporter_EditorPlatform: d09bf68614088b80899f8185d706f6e7 -> 
  custom:video-codec-MediaFoundation-h265: 746d11721c4dcdbdad8f713fa42b33f4 -> 
  custom:video-decoder-ogg-theora: a1e56fd34408186e4bbccfd4996cb3dc -> 
  custom:framework-win-MediaFoundation: 216162199b28c13a410421893ffa2e32 -> 
  custom:video-encoder-webm-vp8: eb34c28f22e8b96e1ab97ce403110664 -> 
  custom:audio-decoder-ogg-vorbis: bf7c407c2cedff20999df2af8eb42d56 -> 
  custom:CustomObjectIndexerAttribute: a3ef5dd2817f97addfee359851a9dba5 -> 
  custom:container-demuxer-webm: 4f35f7cbe854078d1ac9338744f61a02 -> 
  custom:audio-encoder-webm-vorbis: bf7c407c2cedff20999df2af8eb42d56 -> 
  custom:container-muxer-webm: aa71ff27fc2769a1b78a27578f13a17b -> 
========================================================================
Received Prepare
Platform WindowsStandaloneSupport does not support graphics device type 
Switching render pipeline 255ab3e8ec4dfd948a3a5c1dbf42f55d -> 3dea8ad71a9c7184ab7c00fbc4e365cb
Refreshing native plugins compatible for Editor in 1.55 ms, found 0 plugins.
Preloading 0 native plugins for Editor in 0.00 ms.
Unloading 44 Unused Serialized files (Serialized files now loaded: 0)
Unloading 46 unused Assets / (2.4 MB). Loaded Objects now: 3406.
Memory consumption went from 107.8 MB to 105.4 MB.
Total: 4.067500 ms (FindLiveObjects: 0.317600 ms CreateObjectMapping: 0.179500 ms MarkObjects: 2.198100 ms  DeleteObjects: 1.371600 ms)

Prepare: number of updated asset objects reloaded= 0
AssetImportParameters requested are different than current active one (requested -> active):
  custom:video-decoder-webm-vp8: 9c59270c3fd7afecdb556c50c9e8de78 -> 
  custom:container-demuxer-ogg: 62fdf1f143b41e24485cea50d1cbac27 -> 
  custom:AudioImporter_EditorPlatform: d09bf68614088b80899f8185d706f6e7 -> 
  custom:video-codec-MediaFoundation-h265: 746d11721c4dcdbdad8f713fa42b33f4 -> 
  custom:video-decoder-ogg-theora: a1e56fd34408186e4bbccfd4996cb3dc -> 
  custom:framework-win-MediaFoundation: 216162199b28c13a410421893ffa2e32 -> 
  custom:video-encoder-webm-vp8: eb34c28f22e8b96e1ab97ce403110664 -> 
  custom:audio-decoder-ogg-vorbis: bf7c407c2cedff20999df2af8eb42d56 -> 
  custom:CustomObjectIndexerAttribute: a3ef5dd2817f97addfee359851a9dba5 -> 
  custom:container-demuxer-webm: 4f35f7cbe854078d1ac9338744f61a02 -> 
  custom:audio-encoder-webm-vorbis: bf7c407c2cedff20999df2af8eb42d56 -> 
  custom:container-muxer-webm: aa71ff27fc2769a1b78a27578f13a17b -> 
========================================================================
Received Import Request.
  Time since last request: 7679.229785 seconds.
  path: Assets/New Terrain.asset
  artifactKey: Guid(361f0a315a65d734ead6a7a0d4893b08) Importer(815301076,1909f56bfc062723c751e8b465ee728b)
Start importing Assets/New Terrain.asset using Guid(361f0a315a65d734ead6a7a0d4893b08) Importer(815301076,1909f56bfc062723c751e8b465ee728b) The tree Tree_Pine must use the Nature/Soft Occlusion shader. Otherwise billboarding/lighting will not work correctly.
The tree Tree_Pine_Crown must use the Nature/Soft Occlusion shader. Otherwise billboarding/lighting will not work correctly.
The tree Tree_Poplar must use the Nature/Soft Occlusion shader. Otherwise billboarding/lighting will not work correctly.
The tree Tree_Poplar_Crown must use the Nature/Soft Occlusion shader. Otherwise billboarding/lighting will not work correctly.
 -> (artifact id: '9f2ae268881e548aaf30de194cca735f') in 0.069052 seconds
Number of updated asset objects reloaded before import = 1
Number of asset objects unloaded after import = 37
========================================================================
Received Import Request.
  Time since last request: 0.323246 seconds.
  path: Assets/Settings/Fastest_PipelineAsset_ForwardRenderer.asset
  artifactKey: Guid(8905ee6489890e647aa6d98cc296ef3f) Importer(2089858483,0ecaa5967403d082aa24f35e1b516d23)
Start importing Assets/Settings/Fastest_PipelineAsset_ForwardRenderer.asset using Guid(8905ee6489890e647aa6d98cc296ef3f) Importer(2089858483,0ecaa5967403d082aa24f35e1b516d23) Generated GUIDs only implemented for interfaces!
 -> (artifact id: 'ed06c30395a6e37d44f9f9cf8bd627b4') in 0.201528 seconds
Number of updated asset objects reloaded before import = 0
Number of asset objects unloaded after import = 1
========================================================================
Received Import Request.
  Time since last request: 0.000018 seconds.
  path: Assets/Materials/DarkGreen.mat
  artifactKey: Guid(a5303290db4e97f4fa1fe7e3e5baea23) Importer(2089858483,0ecaa5967403d082aa24f35e1b516d23)
Start importing Assets/Materials/DarkGreen.mat using Guid(a5303290db4e97f4fa1fe7e3e5baea23) Importer(2089858483,0ecaa5967403d082aa24f35e1b516d23) Generated GUIDs only implemented for interfaces!
 -> (artifact id: 'dcf7cb15c3d368f9016857c2fd018e6e') in 0.010106 seconds
Number of updated asset objects reloaded before import = 0
Number of asset objects unloaded after import = 1
========================================================================
Received Import Request.
  Time since last request: 0.000025 seconds.
  path: Assets/LowlyPoly/Stylized Grass Texture/Materials/Stylize_Grass.mat
  artifactKey: Guid(5d8af8f434f69794eabd684fb44b4fbf) Importer(2089858483,0ecaa5967403d082aa24f35e1b516d23)
Start importing Assets/LowlyPoly/Stylized Grass Texture/Materials/Stylize_Grass.mat using Guid(5d8af8f434f69794eabd684fb44b4fbf) Importer(2089858483,0ecaa5967403d082aa24f35e1b516d23) Generated GUIDs only implemented for interfaces!
 -> (artifact id: '27c590d71ccad900cdfaacc350a36f2f') in 0.046757 seconds
Number of updated asset objects reloaded before import = 0
Number of asset objects unloaded after import = 5
========================================================================
Received Import Request.
  Time since last request: 0.000015 seconds.
  path: Assets/Low Poly Graveyard/Materials/ground.mat
  artifactKey: Guid(79cf9b1e0ef79bf489280ddf77bdecda) Importer(2089858483,0ecaa5967403d082aa24f35e1b516d23)
Start importing Assets/Low Poly Graveyard/Materials/ground.mat using Guid(79cf9b1e0ef79bf489280ddf77bdecda) Importer(2089858483,0ecaa5967403d082aa24f35e1b516d23) Generated GUIDs only implemented for interfaces!
 -> (artifact id: 'd8bc3185417e43c8a75d23c66759adb6') in 0.009576 seconds
Number of updated asset objects reloaded before import = 0
Number of asset objects unloaded after import = 2
========================================================================
Received Import Request.
  Time since last request: 0.000013 seconds.
  path: Assets/Customizable Skybox/Materials/No Name.mat
  artifactKey: Guid(36624e9898987d34da7dcc3c01a72523) Importer(2089858483,0ecaa5967403d082aa24f35e1b516d23)
Start importing Assets/Customizable Skybox/Materials/No Name.mat using Guid(36624e9898987d34da7dcc3c01a72523) Importer(2089858483,0ecaa5967403d082aa24f35e1b516d23) Generated GUIDs only implemented for interfaces!
 -> (artifact id: 'b849d0aeaa23f58f0196a42199a1d9a3') in 0.006351 seconds
Number of updated asset objects reloaded before import = 0
Number of asset objects unloaded after import = 1
========================================================================
Received Import Request.
  Time since last request: 0.000016 seconds.
  path: Assets/Customizable Skybox/Model/Materials/dark trunk.mat
  artifactKey: Guid(b50f1c4e199dc3b47b56b0880d757857) Importer(2089858483,0ecaa5967403d082aa24f35e1b516d23)
Start importing Assets/Customizable Skybox/Model/Materials/dark trunk.mat using Guid(b50f1c4e199dc3b47b56b0880d757857) Importer(2089858483,0ecaa5967403d082aa24f35e1b516d23) Generated GUIDs only implemented for interfaces!
 -> (artifact id: 'fd559c48840417b8f676d56846cce5e8') in 0.005693 seconds
Number of updated asset objects reloaded before import = 0
Number of asset objects unloaded after import = 1
========================================================================
Received Import Request.
  Time since last request: 0.000016 seconds.
  path: Assets/Low Poly Graveyard/Materials/Materials/Plitka_blue.mat
  artifactKey: Guid(fa8594ae695736543859f60570dde706) Importer(2089858483,0ecaa5967403d082aa24f35e1b516d23)
Start importing Assets/Low Poly Graveyard/Materials/Materials/Plitka_blue.mat using Guid(fa8594ae695736543859f60570dde706) Importer(2089858483,0ecaa5967403d082aa24f35e1b516d23) Generated GUIDs only implemented for interfaces!
 -> (artifact id: '57db158b4613f1f49749b3ff9981d1a9') in 0.005433 seconds
Number of updated asset objects reloaded before import = 0
Number of asset objects unloaded after import = 2
========================================================================
Received Import Request.
  Time since last request: 0.000011 seconds.
  path: Assets/Low Poly Graveyard/Materials/plitka.mat
  artifactKey: Guid(c7e151c6881c0c048a941206cc5c8c90) Importer(2089858483,0ecaa5967403d082aa24f35e1b516d23)
Start importing Assets/Low Poly Graveyard/Materials/plitka.mat using Guid(c7e151c6881c0c048a941206cc5c8c90) Importer(2089858483,0ecaa5967403d082aa24f35e1b516d23) Generated GUIDs only implemented for interfaces!
 -> (artifact id: '485a16afc574201336d57014276f1faf') in 0.006056 seconds
Number of updated asset objects reloaded before import = 0
Number of asset objects unloaded after import = 2
========================================================================
Received Import Request.
  Time since last request: 0.000090 seconds.
  path: Assets/Materials/Grass.mat
  artifactKey: Guid(1881a0ce7177ff74297b3ebdb2bd7060) Importer(2089858483,0ecaa5967403d082aa24f35e1b516d23)
Start importing Assets/Materials/Grass.mat using Guid(1881a0ce7177ff74297b3ebdb2bd7060) Importer(2089858483,0ecaa5967403d082aa24f35e1b516d23) Generated GUIDs only implemented for interfaces!
 -> (artifact id: '2b8c365b7ac55859500aac008d66e375') in 0.007678 seconds
Number of updated asset objects reloaded before import = 0
Number of asset objects unloaded after import = 1
========================================================================
Received Import Request.
  Time since last request: 0.000017 seconds.
  path: Assets/GhostCharacter_Free/Materials/New Material.mat
  artifactKey: Guid(8f1db3f0011fadd4c82b9de43a45c97f) Importer(2089858483,0ecaa5967403d082aa24f35e1b516d23)
Start importing Assets/GhostCharacter_Free/Materials/New Material.mat using Guid(8f1db3f0011fadd4c82b9de43a45c97f) Importer(2089858483,0ecaa5967403d082aa24f35e1b516d23) Generated GUIDs only implemented for interfaces!
 -> (artifact id: 'cca0c993f02525ad4f62300f5eef28b7') in 0.009354 seconds
Number of updated asset objects reloaded before import = 0
Number of asset objects unloaded after import = 3
========================================================================
Received Import Request.
  Time since last request: 3.865912 seconds.
  path: Assets/Settings/Good_PipelineAsset.asset
  artifactKey: Guid(3dea8ad71a9c7184ab7c00fbc4e365cb) Importer(2089858483,0ecaa5967403d082aa24f35e1b516d23)
Start importing Assets/Settings/Good_PipelineAsset.asset using Guid(3dea8ad71a9c7184ab7c00fbc4e365cb) Importer(2089858483,0ecaa5967403d082aa24f35e1b516d23) Generated GUIDs only implemented for interfaces!
 -> (artifact id: '5990cb5b8f1fba96630952b98e72172d') in 0.023588 seconds
Number of updated asset objects reloaded before import = 1
Number of asset objects unloaded after import = 1
========================================================================
Received Import Request.
  Time since last request: 147.273446 seconds.
  path: Assets/LowlyPoly/Stylized Grass Texture/Materials/Stylize_Grass_diffuse.mat
  artifactKey: Guid(516e6f11e8de6624eb6be4bac8c14555) Importer(815301076,1909f56bfc062723c751e8b465ee728b)
Start importing Assets/LowlyPoly/Stylized Grass Texture/Materials/Stylize_Grass_diffuse.mat using Guid(516e6f11e8de6624eb6be4bac8c14555) Importer(815301076,1909f56bfc062723c751e8b465ee728b)  -> (artifact id: 'f8b6d7b4be7ebe081fdf10a2ff25a5c2') in 0.000856 seconds
Number of updated asset objects reloaded before import = 0
Number of asset objects unloaded after import = 1
========================================================================
Received Import Request.
  Time since last request: 12.112883 seconds.
  path: Assets/AGWYN's Low Poly Destructible Vegetation/Models/Berry_Red.fbx
  artifactKey: Guid(babdf61d62b34d14d8dd2d1de6d2146b) Importer(815301076,1909f56bfc062723c751e8b465ee728b)
Start importing Assets/AGWYN's Low Poly Destructible Vegetation/Models/Berry_Red.fbx using Guid(babdf61d62b34d14d8dd2d1de6d2146b) Importer(815301076,1909f56bfc062723c751e8b465ee728b)  -> (artifact id: 'ad4cafa2b9776874589da262fd6d46d0') in 0.001135 seconds
Number of updated asset objects reloaded before import = 0
Number of asset objects unloaded after import = 8
========================================================================
Received Import Request.
  Time since last request: 0.004951 seconds.
  path: Assets/AGWYN's Low Poly Destructible Vegetation/Models/Bush.fbx
  artifactKey: Guid(e33d6d039ac1740478fffb120e786b96) Importer(815301076,1909f56bfc062723c751e8b465ee728b)
Start importing Assets/AGWYN's Low Poly Destructible Vegetation/Models/Bush.fbx using Guid(e33d6d039ac1740478fffb120e786b96) Importer(815301076,1909f56bfc062723c751e8b465ee728b)  -> (artifact id: '06ba9d217d32adb6f7da3893ec32db68') in 0.001246 seconds
Number of updated asset objects reloaded before import = 0
Number of asset objects unloaded after import = 7
========================================================================
Received Import Request.
  Time since last request: 0.000010 seconds.
  path: Assets/AGWYN's Low Poly Destructible Vegetation/Models/Bush_Berries_Red.fbx
  artifactKey: Guid(cd88173da04aaf3408ca75ecc525a0a5) Importer(815301076,1909f56bfc062723c751e8b465ee728b)
Start importing Assets/AGWYN's Low Poly Destructible Vegetation/Models/Bush_Berries_Red.fbx using Guid(cd88173da04aaf3408ca75ecc525a0a5) Importer(815301076,1909f56bfc062723c751e8b465ee728b)  -> (artifact id: 'c06a7e85cc594e10788be6953764734b') in 0.001203 seconds
Number of updated asset objects reloaded before import = 0
Number of asset objects unloaded after import = 8
========================================================================
Received Import Request.
  Time since last request: 0.006006 seconds.
  path: Assets/AGWYN's Low Poly Destructible Vegetation/Models/Bush_Tall.fbx
  artifactKey: Guid(3a6f9e63555d0cd4da40cb8b083fa835) Importer(815301076,1909f56bfc062723c751e8b465ee728b)
Start importing Assets/AGWYN's Low Poly Destructible Vegetation/Models/Bush_Tall.fbx using Guid(3a6f9e63555d0cd4da40cb8b083fa835) Importer(815301076,1909f56bfc062723c751e8b465ee728b)  -> (artifact id: '117cd455254bc54571d7386d032299d1') in 0.001069 seconds
Number of updated asset objects reloaded before import = 0
Number of asset objects unloaded after import = 7
========================================================================
Received Import Request.
  Time since last request: 0.000011 seconds.
  path: Assets/AGWYN's Low Poly Destructible Vegetation/Models/Mushroom_Red.fbx
  artifactKey: Guid(10a1fa41218073e4390cee734944fb05) Importer(815301076,1909f56bfc062723c751e8b465ee728b)
Start importing Assets/AGWYN's Low Poly Destructible Vegetation/Models/Mushroom_Red.fbx using Guid(10a1fa41218073e4390cee734944fb05) Importer(815301076,1909f56bfc062723c751e8b465ee728b)  -> (artifact id: '36d739062d61dfe68ea5009bc3b91ca8') in 0.001173 seconds
Number of updated asset objects reloaded before import = 0
Number of asset objects unloaded after import = 8
========================================================================
Received Import Request.
  Time since last request: 0.000013 seconds.
  path: Assets/AGWYN's Low Poly Destructible Vegetation/Models/Tree_Pine_Stump.fbx
  artifactKey: Guid(f8424ba3a0f7c9549b0c547ab6408c6a) Importer(815301076,1909f56bfc062723c751e8b465ee728b)
Start importing Assets/AGWYN's Low Poly Destructible Vegetation/Models/Tree_Pine_Stump.fbx using Guid(f8424ba3a0f7c9549b0c547ab6408c6a) Importer(815301076,1909f56bfc062723c751e8b465ee728b)  -> (artifact id: 'bd44fa242f946c109a0eca9a430a74ba') in 0.001690 seconds
Number of updated asset objects reloaded before import = 0
Number of asset objects unloaded after import = 8
========================================================================
Received Import Request.
  Time since last request: 0.000017 seconds.
  path: Assets/AGWYN's Low Poly Destructible Vegetation/Models/Fruit_Red.fbx
  artifactKey: Guid(2c30ee8aaced08e4f9239fc7588e2080) Importer(815301076,1909f56bfc062723c751e8b465ee728b)
Start importing Assets/AGWYN's Low Poly Destructible Vegetation/Models/Fruit_Red.fbx using Guid(2c30ee8aaced08e4f9239fc7588e2080) Importer(815301076,1909f56bfc062723c751e8b465ee728b)  -> (artifact id: 'ef48b5388561467f3cae8a02e0e8aca9') in 0.001325 seconds
Number of updated asset objects reloaded before import = 0
Number of asset objects unloaded after import = 8
========================================================================
Received Import Request.
  Time since last request: 0.000013 seconds.
  path: Assets/AGWYN's Low Poly Destructible Vegetation/Models/Tree_Poplar_Stump.fbx
  artifactKey: Guid(c8c9cb5b5c1956849ad852b2a81e11d4) Importer(815301076,1909f56bfc062723c751e8b465ee728b)
Start importing Assets/AGWYN's Low Poly Destructible Vegetation/Models/Tree_Poplar_Stump.fbx using Guid(c8c9cb5b5c1956849ad852b2a81e11d4) Importer(815301076,1909f56bfc062723c751e8b465ee728b)  -> (artifact id: '46678add21080ace49279a464b907726') in 0.001375 seconds
Number of updated asset objects reloaded before import = 0
Number of asset objects unloaded after import = 8
========================================================================
Received Import Request.
  Time since last request: 0.000020 seconds.
  path: Assets/AGWYN's Low Poly Destructible Vegetation/Models/Tree_Apple_Stump.fbx
  artifactKey: Guid(3cf48be12e115884b84ce8bab702aaa5) Importer(815301076,1909f56bfc062723c751e8b465ee728b)
Start importing Assets/AGWYN's Low Poly Destructible Vegetation/Models/Tree_Apple_Stump.fbx using Guid(3cf48be12e115884b84ce8bab702aaa5) Importer(815301076,1909f56bfc062723c751e8b465ee728b)  -> (artifact id: 'f5fee2b4f114650c681177521d94d9be') in 0.001683 seconds
Number of updated asset objects reloaded before import = 0
Number of asset objects unloaded after import = 8
========================================================================
Received Import Request.
  Time since last request: 0.000014 seconds.
  path: Assets/AGWYN's Low Poly Destructible Vegetation/Models/Tree_Oak_Stump.fbx
  artifactKey: Guid(638a8d36e61dddf43b468ef5cc974973) Importer(815301076,1909f56bfc062723c751e8b465ee728b)
Start importing Assets/AGWYN's Low Poly Destructible Vegetation/Models/Tree_Oak_Stump.fbx using Guid(638a8d36e61dddf43b468ef5cc974973) Importer(815301076,1909f56bfc062723c751e8b465ee728b)  -> (artifact id: '9f56f0eb86caebf64795057774b51a70') in 0.001126 seconds
Number of updated asset objects reloaded before import = 0
Number of asset objects unloaded after import = 8
========================================================================
Received Import Request.
  Time since last request: 0.000011 seconds.
  path: Assets/AGWYN's Low Poly Destructible Vegetation/Models/Tree_Oak_Crown.fbx
  artifactKey: Guid(d200898fe80a11b47b1cfea46fa2aede) Importer(815301076,1909f56bfc062723c751e8b465ee728b)
Start importing Assets/AGWYN's Low Poly Destructible Vegetation/Models/Tree_Oak_Crown.fbx using Guid(d200898fe80a11b47b1cfea46fa2aede) Importer(815301076,1909f56bfc062723c751e8b465ee728b)  -> (artifact id: 'd7f0eb1d0c76caad97fa6fb3ace3db75') in 0.001351 seconds
Number of updated asset objects reloaded before import = 0
Number of asset objects unloaded after import = 9
========================================================================
Received Import Request.
  Time since last request: 0.000011 seconds.
  path: Assets/AGWYN's Low Poly Destructible Vegetation/Models/Tree_Poplar_Crown.fbx
  artifactKey: Guid(5bbe297f13b3eaf4d8ec511d9a4b7b60) Importer(815301076,1909f56bfc062723c751e8b465ee728b)
Start importing Assets/AGWYN's Low Poly Destructible Vegetation/Models/Tree_Poplar_Crown.fbx using Guid(5bbe297f13b3eaf4d8ec511d9a4b7b60) Importer(815301076,1909f56bfc062723c751e8b465ee728b)  -> (artifact id: '362f9e50a1d95a6e9be54b4dec4e2c02') in 0.001152 seconds
Number of updated asset objects reloaded before import = 0
Number of asset objects unloaded after import = 9
========================================================================
Received Import Request.
  Time since last request: 0.000009 seconds.
  path: Assets/AGWYN's Low Poly Destructible Vegetation/Models/Flower_Harvested.fbx
  artifactKey: Guid(6a88f42de2786e14299cc854e1092049) Importer(815301076,1909f56bfc062723c751e8b465ee728b)
Start importing Assets/AGWYN's Low Poly Destructible Vegetation/Models/Flower_Harvested.fbx using Guid(6a88f42de2786e14299cc854e1092049) Importer(815301076,1909f56bfc062723c751e8b465ee728b)  -> (artifact id: '055f1bc6a3b027646a01014f47d65939') in 0.001281 seconds
Number of updated asset objects reloaded before import = 0
Number of asset objects unloaded after import = 7
========================================================================
Received Import Request.
  Time since last request: 0.000043 seconds.
  path: Assets/AGWYN's Low Poly Destructible Vegetation/Models/Bush_Berries_Blue.fbx
  artifactKey: Guid(5a3881d5bd7fae04581fd19e90e1c10e) Importer(815301076,1909f56bfc062723c751e8b465ee728b)
Start importing Assets/AGWYN's Low Poly Destructible Vegetation/Models/Bush_Berries_Blue.fbx using Guid(5a3881d5bd7fae04581fd19e90e1c10e) Importer(815301076,1909f56bfc062723c751e8b465ee728b)  -> (artifact id: 'f5d7e515f05b078a006779bf622e9452') in 0.001739 seconds
Number of updated asset objects reloaded before import = 0
Number of asset objects unloaded after import = 8
========================================================================
Received Import Request.
  Time since last request: 0.000014 seconds.
  path: Assets/AGWYN's Low Poly Destructible Vegetation/Models/Tree_Pine_Crown.fbx
  artifactKey: Guid(3094a646d4718ad448c927e501837d5f) Importer(815301076,1909f56bfc062723c751e8b465ee728b)
Start importing Assets/AGWYN's Low Poly Destructible Vegetation/Models/Tree_Pine_Crown.fbx using Guid(3094a646d4718ad448c927e501837d5f) Importer(815301076,1909f56bfc062723c751e8b465ee728b)  -> (artifact id: '2823075180783eea0fe4768bff4e6d3e') in 0.001243 seconds
Number of updated asset objects reloaded before import = 0
Number of asset objects unloaded after import = 9
Editor requested this worker to shutdown with reason: Scaling down because of idle timeout
TcpMessagingSession - receive error: operation aborted. errorcode: 995, details: The I/O operation has been aborted because of either a thread exit or an application request.
AssetImportWorker is now disconnected from the server
Process exiting
Exiting without the bug reporter. Application will terminate with return code 0