Using pre-set license
Built from '2022.3/release' branch; Version is '2022.3.5f1 (9674261d40ee) revision 9860134'; Using compiler version '192829333'; Build Type 'Release'
OS: 'Windows 11  (10.0.22631) 64bit Professional' Language: 'en' Physical Memory: 16309 MB
BatchMode: 1, IsHumanControllingUs: 0, StartBugReporterOnCrash: 0, Is64bit: 1, IsPro: 1

COMMAND LINE ARGUMENTS:
E:\Program Files\Unity\Hub\Editor\2022.3.5f1\Editor\Unity.exe
-adb2
-batchMode
-noUpm
-name
AssetImportWorker9
-projectPath
E:/UnityProjects/AcerolaGameJam/Acerola_Game_Jam
-logFile
Logs/AssetImportWorker9.log
-srvPort
58595
Successfully changed project path to: E:/UnityProjects/AcerolaGameJam/Acerola_Game_Jam
E:/UnityProjects/AcerolaGameJam/Acerola_Game_Jam
[UnityMemory] Configuration Parameters - Can be set up in boot.config
    "memorysetup-bucket-allocator-granularity=16"
    "memorysetup-bucket-allocator-bucket-count=8"
    "memorysetup-bucket-allocator-block-size=33554432"
    "memorysetup-bucket-allocator-block-count=8"
    "memorysetup-main-allocator-block-size=16777216"
    "memorysetup-thread-allocator-block-size=16777216"
    "memorysetup-gfx-main-allocator-block-size=16777216"
    "memorysetup-gfx-thread-allocator-block-size=16777216"
    "memorysetup-cache-allocator-block-size=4194304"
    "memorysetup-typetree-allocator-block-size=2097152"
    "memorysetup-profiler-bucket-allocator-granularity=16"
    "memorysetup-profiler-bucket-allocator-bucket-count=8"
    "memorysetup-profiler-bucket-allocator-block-size=33554432"
    "memorysetup-profiler-bucket-allocator-block-count=8"
    "memorysetup-profiler-allocator-block-size=16777216"
    "memorysetup-profiler-editor-allocator-block-size=1048576"
    "memorysetup-temp-allocator-size-main=16777216"
    "memorysetup-job-temp-allocator-block-size=2097152"
    "memorysetup-job-temp-allocator-block-size-background=1048576"
    "memorysetup-job-temp-allocator-reduction-small-platforms=262144"
    "memorysetup-allocator-temp-initial-block-size-main=262144"
    "memorysetup-allocator-temp-initial-block-size-worker=262144"
    "memorysetup-temp-allocator-size-background-worker=32768"
    "memorysetup-temp-allocator-size-job-worker=262144"
    "memorysetup-temp-allocator-size-preload-manager=33554432"
    "memorysetup-temp-allocator-size-nav-mesh-worker=65536"
    "memorysetup-temp-allocator-size-audio-worker=65536"
    "memorysetup-temp-allocator-size-cloud-worker=32768"
    "memorysetup-temp-allocator-size-gi-baking-worker=262144"
    "memorysetup-temp-allocator-size-gfx=262144"
Player connection [4784] Host "[IP] 192.168.0.218 [Port] 0 [Flags] 2 [Guid] 3525215495 [EditorId] 3525215495 [Version] 1048832 [Id] WindowsEditor(7,DESKTOP-HVFPI29) [Debug] 1 [PackageName] WindowsEditor [ProjectName] Editor" joined multi-casting on [225.0.0.222:54997]...

Player connection [4784] Host "[IP] 192.168.0.218 [Port] 0 [Flags] 2 [Guid] 3525215495 [EditorId] 3525215495 [Version] 1048832 [Id] WindowsEditor(7,DESKTOP-HVFPI29) [Debug] 1 [PackageName] WindowsEditor [ProjectName] Editor" joined alternative multi-casting on [225.0.0.222:34997]...

Platform WindowsStandaloneSupport does not support graphics device type 
Refreshing native plugins compatible for Editor in 12.23 ms, found 0 plugins.
Preloading 0 native plugins for Editor in 0.00 ms.
Initialize engine version: 2022.3.5f1 (9674261d40ee)
[Subsystems] Discovering subsystems at path E:/Program Files/Unity/Hub/Editor/2022.3.5f1/Editor/Data/Resources/UnitySubsystems
[Subsystems] Discovering subsystems at path E:/UnityProjects/AcerolaGameJam/Acerola_Game_Jam/Assets
GfxDevice: creating device client; threaded=0; jobified=0
Direct3D:
    Version:  Direct3D 11.0 [level 11.1]
    Renderer: AMD Radeon RX 6800 (ID=0x73bf)
    Vendor:   ATI
    VRAM:     16338 MB
    Driver:   31.0.24002.92
Initialize mono
Mono path[0] = 'E:/Program Files/Unity/Hub/Editor/2022.3.5f1/Editor/Data/Managed'
Mono path[1] = 'E:/Program Files/Unity/Hub/Editor/2022.3.5f1/Editor/Data/MonoBleedingEdge/lib/mono/unityjit-win32'
Mono config path = 'E:/Program Files/Unity/Hub/Editor/2022.3.5f1/Editor/Data/MonoBleedingEdge/etc'
Using monoOptions --debugger-agent=transport=dt_socket,embedding=1,server=y,suspend=n,address=127.0.0.1:56400
Begin MonoManager ReloadAssembly
Registering precompiled unity dll's ...
Register platform support module: E:/Program Files/Unity/Hub/Editor/2022.3.5f1/Editor/Data/PlaybackEngines/WebGLSupport/UnityEditor.WebGL.Extensions.dll
Register platform support module: E:/Program Files/Unity/Hub/Editor/2022.3.5f1/Editor/Data/PlaybackEngines/WindowsStandaloneSupport/UnityEditor.WindowsStandalone.Extensions.dll
Registered in 0.009361 seconds.
- Loaded All Assemblies, in  0.669 seconds
Native extension for WindowsStandalone target not found
Native extension for WebGL target not found
Mono: successfully reloaded assembly
- Finished resetting the current domain, in  0.342 seconds
Domain Reload Profiling: 1011ms
	BeginReloadAssembly (333ms)
		ExecutionOrderSort (0ms)
		DisableScriptedObjects (0ms)
		BackupInstance (0ms)
		ReleaseScriptingObjects (0ms)
		CreateAndSetChildDomain (1ms)
	RebuildCommonClasses (49ms)
	RebuildNativeTypeToScriptingClass (15ms)
	initialDomainReloadingComplete (74ms)
	LoadAllAssembliesAndSetupDomain (197ms)
		LoadAssemblies (335ms)
		RebuildTransferFunctionScriptingTraits (0ms)
		AnalyzeDomain (190ms)
			TypeCache.Refresh (189ms)
				TypeCache.ScanAssembly (174ms)
			ScanForSourceGeneratedMonoScriptInfo (0ms)
			ResolveRequiredComponents (0ms)
	FinalizeReload (343ms)
		ReleaseScriptCaches (0ms)
		RebuildScriptCaches (0ms)
		SetupLoadedEditorAssemblies (269ms)
			LogAssemblyErrors (0ms)
			InitializePlatformSupportModulesInManaged (12ms)
			SetLoadedEditorAssemblies (6ms)
			RefreshPlugins (0ms)
			BeforeProcessingInitializeOnLoad (2ms)
			ProcessInitializeOnLoadAttributes (181ms)
			ProcessInitializeOnLoadMethodAttributes (68ms)
			AfterProcessingInitializeOnLoad (0ms)
			EditorAssembliesLoaded (0ms)
		ExecutionOrderSort2 (0ms)
		AwakeInstancesAfterBackupRestoration (0ms)
========================================================================
Worker process is ready to serve import requests
Begin MonoManager ReloadAssembly
- Loaded All Assemblies, in  1.035 seconds
Refreshing native plugins compatible for Editor in 29.03 ms, found 0 plugins.
Native extension for WindowsStandalone target not found
Native extension for WebGL target not found
Mono: successfully reloaded assembly
- Finished resetting the current domain, in  0.718 seconds
Domain Reload Profiling: 1753ms
	BeginReloadAssembly (363ms)
		ExecutionOrderSort (0ms)
		DisableScriptedObjects (7ms)
		BackupInstance (0ms)
		ReleaseScriptingObjects (0ms)
		CreateAndSetChildDomain (28ms)
	RebuildCommonClasses (73ms)
	RebuildNativeTypeToScriptingClass (17ms)
	initialDomainReloadingComplete (55ms)
	LoadAllAssembliesAndSetupDomain (525ms)
		LoadAssemblies (528ms)
		RebuildTransferFunctionScriptingTraits (0ms)
		AnalyzeDomain (283ms)
			TypeCache.Refresh (259ms)
				TypeCache.ScanAssembly (246ms)
			ScanForSourceGeneratedMonoScriptInfo (16ms)
			ResolveRequiredComponents (9ms)
	FinalizeReload (719ms)
		ReleaseScriptCaches (0ms)
		RebuildScriptCaches (0ms)
		SetupLoadedEditorAssemblies (498ms)
			LogAssemblyErrors (0ms)
			InitializePlatformSupportModulesInManaged (7ms)
			SetLoadedEditorAssemblies (4ms)
			RefreshPlugins (0ms)
			BeforeProcessingInitializeOnLoad (68ms)
			ProcessInitializeOnLoadAttributes (333ms)
			ProcessInitializeOnLoadMethodAttributes (82ms)
			AfterProcessingInitializeOnLoad (4ms)
			EditorAssembliesLoaded (0ms)
		ExecutionOrderSort2 (0ms)
		AwakeInstancesAfterBackupRestoration (10ms)
Platform WindowsStandaloneSupport does not support graphics device type 
Launched and connected shader compiler UnityShaderCompiler.exe after 0.94 seconds
Refreshing native plugins compatible for Editor in 3.78 ms, found 0 plugins.
Preloading 0 native plugins for Editor in 0.00 ms.
Unloading 2946 Unused Serialized files (Serialized files now loaded: 0)
Unloading 108 unused Assets / (2.4 MB). Loaded Objects now: 3408.
Memory consumption went from 177.1 MB to 174.7 MB.
Total: 8.642500 ms (FindLiveObjects: 0.495400 ms CreateObjectMapping: 0.147000 ms MarkObjects: 6.306800 ms  DeleteObjects: 1.691800 ms)

AssetImportParameters requested are different than current active one (requested -> active):
  custom:video-decoder-webm-vp8: 9c59270c3fd7afecdb556c50c9e8de78 -> 
  custom:container-demuxer-ogg: 62fdf1f143b41e24485cea50d1cbac27 -> 
  custom:AudioImporter_EditorPlatform: d09bf68614088b80899f8185d706f6e7 -> 
  custom:video-codec-MediaFoundation-h265: 746d11721c4dcdbdad8f713fa42b33f4 -> 
  custom:video-decoder-ogg-theora: a1e56fd34408186e4bbccfd4996cb3dc -> 
  custom:framework-win-MediaFoundation: 216162199b28c13a410421893ffa2e32 -> 
  custom:video-encoder-webm-vp8: eb34c28f22e8b96e1ab97ce403110664 -> 
  custom:audio-decoder-ogg-vorbis: bf7c407c2cedff20999df2af8eb42d56 -> 
  custom:CustomObjectIndexerAttribute: a3ef5dd2817f97addfee359851a9dba5 -> 
  custom:container-demuxer-webm: 4f35f7cbe854078d1ac9338744f61a02 -> 
  custom:audio-encoder-webm-vorbis: bf7c407c2cedff20999df2af8eb42d56 -> 
  custom:container-muxer-webm: aa71ff27fc2769a1b78a27578f13a17b -> 
========================================================================
Received Prepare
Platform WindowsStandaloneSupport does not support graphics device type 
Switching render pipeline 255ab3e8ec4dfd948a3a5c1dbf42f55d -> 3dea8ad71a9c7184ab7c00fbc4e365cb
Refreshing native plugins compatible for Editor in 1.98 ms, found 0 plugins.
Preloading 0 native plugins for Editor in 0.00 ms.
Unloading 44 Unused Serialized files (Serialized files now loaded: 0)
Unloading 46 unused Assets / (2.4 MB). Loaded Objects now: 3406.
Memory consumption went from 107.5 MB to 105.1 MB.
Total: 5.131000 ms (FindLiveObjects: 0.420800 ms CreateObjectMapping: 0.143900 ms MarkObjects: 3.176200 ms  DeleteObjects: 1.389700 ms)

Prepare: number of updated asset objects reloaded= 0
AssetImportParameters requested are different than current active one (requested -> active):
  custom:video-decoder-webm-vp8: 9c59270c3fd7afecdb556c50c9e8de78 -> 
  custom:container-demuxer-ogg: 62fdf1f143b41e24485cea50d1cbac27 -> 
  custom:AudioImporter_EditorPlatform: d09bf68614088b80899f8185d706f6e7 -> 
  custom:video-codec-MediaFoundation-h265: 746d11721c4dcdbdad8f713fa42b33f4 -> 
  custom:video-decoder-ogg-theora: a1e56fd34408186e4bbccfd4996cb3dc -> 
  custom:framework-win-MediaFoundation: 216162199b28c13a410421893ffa2e32 -> 
  custom:video-encoder-webm-vp8: eb34c28f22e8b96e1ab97ce403110664 -> 
  custom:audio-decoder-ogg-vorbis: bf7c407c2cedff20999df2af8eb42d56 -> 
  custom:CustomObjectIndexerAttribute: a3ef5dd2817f97addfee359851a9dba5 -> 
  custom:container-demuxer-webm: 4f35f7cbe854078d1ac9338744f61a02 -> 
  custom:audio-encoder-webm-vorbis: bf7c407c2cedff20999df2af8eb42d56 -> 
  custom:container-muxer-webm: aa71ff27fc2769a1b78a27578f13a17b -> 
========================================================================
Received Import Request.
  Time since last request: 7679.229449 seconds.
  path: Assets/Grass.terrainlayer
  artifactKey: Guid(59c3ec0270d76794d9543b927d791598) Importer(815301076,1909f56bfc062723c751e8b465ee728b)
Start importing Assets/Grass.terrainlayer using Guid(59c3ec0270d76794d9543b927d791598) Importer(815301076,1909f56bfc062723c751e8b465ee728b)  -> (artifact id: '52753b3e90e77130604d9514ae871f7b') in 0.006207 seconds
Number of updated asset objects reloaded before import = 1
Number of asset objects unloaded after import = 1
========================================================================
Received Import Request.
  Time since last request: 0.000091 seconds.
  path: Assets/NewLayer 1.terrainlayer
  artifactKey: Guid(8787c405225ab2b4eb49681f49605196) Importer(815301076,1909f56bfc062723c751e8b465ee728b)
Start importing Assets/NewLayer 1.terrainlayer using Guid(8787c405225ab2b4eb49681f49605196) Importer(815301076,1909f56bfc062723c751e8b465ee728b)  -> (artifact id: 'd5dd5d5a43da4aad0842971429e14477') in 0.002432 seconds
Number of updated asset objects reloaded before import = 0
Number of asset objects unloaded after import = 1
========================================================================
Received Import Request.
  Time since last request: 0.000386 seconds.
  path: Assets/UniversalRenderPipelineGlobalSettings 1.asset
  artifactKey: Guid(462e404e6d42963499318b21f4368979) Importer(815301076,1909f56bfc062723c751e8b465ee728b)
Start importing Assets/UniversalRenderPipelineGlobalSettings 1.asset using Guid(462e404e6d42963499318b21f4368979) Importer(815301076,1909f56bfc062723c751e8b465ee728b)  -> (artifact id: 'd176ca17608551f3ae5b37107cce7dbf') in 0.005081 seconds
Number of updated asset objects reloaded before import = 0
Number of asset objects unloaded after import = 1
========================================================================
Received Import Request.
  Time since last request: 0.340479 seconds.
  path: Assets/Settings
  artifactKey: Guid(a1b290babaca65c4daeffd87f0603d92) Importer(2089858483,0ecaa5967403d082aa24f35e1b516d23)
Start importing Assets/Settings using Guid(a1b290babaca65c4daeffd87f0603d92) Importer(2089858483,0ecaa5967403d082aa24f35e1b516d23) Generated GUIDs only implemented for interfaces!
 -> (artifact id: 'b449a6c85a945212b4e9190cdb5d0ade') in 0.136173 seconds
Number of updated asset objects reloaded before import = 0
Number of asset objects unloaded after import = 1
========================================================================
Received Import Request.
  Time since last request: 0.000021 seconds.
  path: Assets/Customizable Skybox/Materials/trunk.mat
  artifactKey: Guid(08c4b67273e724941900639ca93caabc) Importer(2089858483,0ecaa5967403d082aa24f35e1b516d23)
Start importing Assets/Customizable Skybox/Materials/trunk.mat using Guid(08c4b67273e724941900639ca93caabc) Importer(2089858483,0ecaa5967403d082aa24f35e1b516d23) Generated GUIDs only implemented for interfaces!
 -> (artifact id: 'a9e9851688fc6c25d2b11f15dbcde8de') in 0.071813 seconds
Number of updated asset objects reloaded before import = 0
Number of asset objects unloaded after import = 1
========================================================================
Received Import Request.
  Time since last request: 0.000025 seconds.
  path: Assets/Settings/Fantastic_PipelineAsset.asset
  artifactKey: Guid(50e494a2f3c854e40bd4240a694a81e9) Importer(2089858483,0ecaa5967403d082aa24f35e1b516d23)
Start importing Assets/Settings/Fantastic_PipelineAsset.asset using Guid(50e494a2f3c854e40bd4240a694a81e9) Importer(2089858483,0ecaa5967403d082aa24f35e1b516d23) Generated GUIDs only implemented for interfaces!
 -> (artifact id: '16bc2f40e05fb73fce82a8fcebf77d94') in 0.050583 seconds
Number of updated asset objects reloaded before import = 0
Number of asset objects unloaded after import = 2
========================================================================
Received Import Request.
  Time since last request: 0.000015 seconds.
  path: Assets/Customizable Skybox/Model/Materials/pine tree green.mat
  artifactKey: Guid(b67fe0ad79964244383e7633743fcc6b) Importer(2089858483,0ecaa5967403d082aa24f35e1b516d23)
Start importing Assets/Customizable Skybox/Model/Materials/pine tree green.mat using Guid(b67fe0ad79964244383e7633743fcc6b) Importer(2089858483,0ecaa5967403d082aa24f35e1b516d23) Generated GUIDs only implemented for interfaces!
 -> (artifact id: '8cb88c435dfb075c38a6b3cf9aac9ea4') in 0.006432 seconds
Number of updated asset objects reloaded before import = 0
Number of asset objects unloaded after import = 1
========================================================================
Received Import Request.
  Time since last request: 0.000014 seconds.
  path: Assets/Low Poly Graveyard/Materials/grass.mat
  artifactKey: Guid(51c992598a3f224449c372b21a0cc7c0) Importer(2089858483,0ecaa5967403d082aa24f35e1b516d23)
Start importing Assets/Low Poly Graveyard/Materials/grass.mat using Guid(51c992598a3f224449c372b21a0cc7c0) Importer(2089858483,0ecaa5967403d082aa24f35e1b516d23) Generated GUIDs only implemented for interfaces!
 -> (artifact id: 'f566184efe704c90d8c0d32b73c8ac87') in 0.005806 seconds
Number of updated asset objects reloaded before import = 0
Number of asset objects unloaded after import = 2
========================================================================
Received Import Request.
  Time since last request: 0.000016 seconds.
  path: Assets/Customizable Skybox/Model/Materials/pine brown.mat
  artifactKey: Guid(23884aea9e628ee45a87314c9fd2483e) Importer(2089858483,0ecaa5967403d082aa24f35e1b516d23)
Start importing Assets/Customizable Skybox/Model/Materials/pine brown.mat using Guid(23884aea9e628ee45a87314c9fd2483e) Importer(2089858483,0ecaa5967403d082aa24f35e1b516d23) Generated GUIDs only implemented for interfaces!
 -> (artifact id: '5664b4d24b6caec1e5d835d3374b7a2e') in 0.005483 seconds
Number of updated asset objects reloaded before import = 0
Number of asset objects unloaded after import = 1
========================================================================
Received Import Request.
  Time since last request: 0.000017 seconds.
  path: Assets/Materials/Grey.mat
  artifactKey: Guid(1f1a8159eb026774b910c1e266962a0f) Importer(2089858483,0ecaa5967403d082aa24f35e1b516d23)
Start importing Assets/Materials/Grey.mat using Guid(1f1a8159eb026774b910c1e266962a0f) Importer(2089858483,0ecaa5967403d082aa24f35e1b516d23) Generated GUIDs only implemented for interfaces!
 -> (artifact id: '015f7849c923016f7ed0465f6df4ac5c') in 0.007251 seconds
Number of updated asset objects reloaded before import = 0
Number of asset objects unloaded after import = 1
========================================================================
Received Import Request.
  Time since last request: 0.000015 seconds.
  path: Assets/VIASS FreeCharacter Pack/File Material/Materials_VIASS_Dman/VIASS_Dman_dif.mat
  artifactKey: Guid(fcfc1f26354628848bb0098d0594e1b7) Importer(2089858483,0ecaa5967403d082aa24f35e1b516d23)
Start importing Assets/VIASS FreeCharacter Pack/File Material/Materials_VIASS_Dman/VIASS_Dman_dif.mat using Guid(fcfc1f26354628848bb0098d0594e1b7) Importer(2089858483,0ecaa5967403d082aa24f35e1b516d23) Generated GUIDs only implemented for interfaces!
 -> (artifact id: '83314eba43e8198335c7dccf181fafc7') in 0.007735 seconds
Number of updated asset objects reloaded before import = 0
Number of asset objects unloaded after import = 2
========================================================================
Received Import Request.
  Time since last request: 0.000019 seconds.
  path: Assets/Materials/GhostColour.mat
  artifactKey: Guid(5dcf33aeedd3c9344ae9109fae9ddbf2) Importer(2089858483,0ecaa5967403d082aa24f35e1b516d23)
Start importing Assets/Materials/GhostColour.mat using Guid(5dcf33aeedd3c9344ae9109fae9ddbf2) Importer(2089858483,0ecaa5967403d082aa24f35e1b516d23) Generated GUIDs only implemented for interfaces!
 -> (artifact id: '3a1bb8eb34832489751c67c623c31e15') in 0.008208 seconds
Number of updated asset objects reloaded before import = 0
Number of asset objects unloaded after import = 3
========================================================================
Received Import Request.
  Time since last request: 0.000016 seconds.
  path: Assets/Customizable Skybox/Materials/darken leafs.mat
  artifactKey: Guid(3020cfb028abb6c4f977e1db1f72bef5) Importer(2089858483,0ecaa5967403d082aa24f35e1b516d23)
Start importing Assets/Customizable Skybox/Materials/darken leafs.mat using Guid(3020cfb028abb6c4f977e1db1f72bef5) Importer(2089858483,0ecaa5967403d082aa24f35e1b516d23) Generated GUIDs only implemented for interfaces!
 -> (artifact id: '914ed97f702567ce351e98aa3b0a5175') in 0.006195 seconds
Number of updated asset objects reloaded before import = 0
Number of asset objects unloaded after import = 1
========================================================================
Received Import Request.
  Time since last request: 3.871759 seconds.
  path: Assets/Materials/GhostColour.mat
  artifactKey: Guid(5dcf33aeedd3c9344ae9109fae9ddbf2) Importer(2089858483,0ecaa5967403d082aa24f35e1b516d23)
Start importing Assets/Materials/GhostColour.mat using Guid(5dcf33aeedd3c9344ae9109fae9ddbf2) Importer(2089858483,0ecaa5967403d082aa24f35e1b516d23) Generated GUIDs only implemented for interfaces!
 -> (artifact id: '4fa997ac48a3064a2d74b50b2c85d0a5') in 0.006996 seconds
Number of updated asset objects reloaded before import = 1
Number of asset objects unloaded after import = 3
========================================================================
Received Import Request.
  Time since last request: 21.731789 seconds.
  path: Assets/LowlyPoly/Stylized Grass Texture/Textures/Vol_42_1_Base_Color.png
  artifactKey: Guid(b900361e13e6eaa44963cb851faf3ed3) Importer(815301076,1909f56bfc062723c751e8b465ee728b)
Start importing Assets/LowlyPoly/Stylized Grass Texture/Textures/Vol_42_1_Base_Color.png using Guid(b900361e13e6eaa44963cb851faf3ed3) Importer(815301076,1909f56bfc062723c751e8b465ee728b)  -> (artifact id: '6cacf65f7de0891e29205a1ea0e61ec6') in 0.002640 seconds
Number of updated asset objects reloaded before import = 0
Number of asset objects unloaded after import = 1
========================================================================
Received Import Request.
  Time since last request: 14.545112 seconds.
  path: Assets/New Terrain 1.asset
  artifactKey: Guid(26ca3e9f18d605d48ad62787787e03c5) Importer(815301076,1909f56bfc062723c751e8b465ee728b)
Start importing Assets/New Terrain 1.asset using Guid(26ca3e9f18d605d48ad62787787e03c5) Importer(815301076,1909f56bfc062723c751e8b465ee728b)  -> (artifact id: '59d8f7d1ef9a98eb96a9769c3f344dc0') in 0.004385 seconds
Number of updated asset objects reloaded before import = 0
Number of asset objects unloaded after import = 1
========================================================================
Received Import Request.
  Time since last request: 0.743258 seconds.
  path: Assets/New Terrain 1.asset
  artifactKey: Guid(26ca3e9f18d605d48ad62787787e03c5) Importer(2089858483,0ecaa5967403d082aa24f35e1b516d23)
Start importing Assets/New Terrain 1.asset using Guid(26ca3e9f18d605d48ad62787787e03c5) Importer(2089858483,0ecaa5967403d082aa24f35e1b516d23) Generated GUIDs only implemented for interfaces!
 -> (artifact id: '596a0ad5b47be9b0786b2e598b75c504') in 0.006122 seconds
Number of updated asset objects reloaded before import = 0
Number of asset objects unloaded after import = 1
========================================================================
Received Import Request.
  Time since last request: 110.235186 seconds.
  path: Assets/LowlyPoly/Stylized Grass Texture/Materials/Stylize_Grass.mat
  artifactKey: Guid(5d8af8f434f69794eabd684fb44b4fbf) Importer(815301076,1909f56bfc062723c751e8b465ee728b)
Start importing Assets/LowlyPoly/Stylized Grass Texture/Materials/Stylize_Grass.mat using Guid(5d8af8f434f69794eabd684fb44b4fbf) Importer(815301076,1909f56bfc062723c751e8b465ee728b)  -> (artifact id: '7b4cb2dacbb904f760e114b48b1fa6d7') in 0.000784 seconds
Number of updated asset objects reloaded before import = 0
Number of asset objects unloaded after import = 1
========================================================================
Received Import Request.
  Time since last request: 12.041928 seconds.
  path: Assets/AGWYN's Low Poly Destructible Vegetation/Models
  artifactKey: Guid(ef740023739e6a848abe09f06d761959) Importer(815301076,1909f56bfc062723c751e8b465ee728b)
Start importing Assets/AGWYN's Low Poly Destructible Vegetation/Models using Guid(ef740023739e6a848abe09f06d761959) Importer(815301076,1909f56bfc062723c751e8b465ee728b)  -> (artifact id: '83427261a3bfcf753ea01fbc85857b03') in 0.000367 seconds
Number of updated asset objects reloaded before import = 0
Number of asset objects unloaded after import = 0
========================================================================
Received Import Request.
  Time since last request: 0.064224 seconds.
  path: Assets/AGWYN's Low Poly Destructible Vegetation/Models/Berry_Blue.fbx
  artifactKey: Guid(a53a1cd5e953ea74ab5a695268de6336) Importer(815301076,1909f56bfc062723c751e8b465ee728b)
Start importing Assets/AGWYN's Low Poly Destructible Vegetation/Models/Berry_Blue.fbx using Guid(a53a1cd5e953ea74ab5a695268de6336) Importer(815301076,1909f56bfc062723c751e8b465ee728b)  -> (artifact id: '65b45525526bdedbabb92318c9dbd389') in 0.001554 seconds
Number of updated asset objects reloaded before import = 0
Number of asset objects unloaded after import = 8
========================================================================
Received Import Request.
  Time since last request: 0.004029 seconds.
  path: Assets/AGWYN's Low Poly Destructible Vegetation/Models/Bush_Berries_Blue_Tall.fbx
  artifactKey: Guid(d6a81325b0930744c9dae46b55a9fced) Importer(815301076,1909f56bfc062723c751e8b465ee728b)
Start importing Assets/AGWYN's Low Poly Destructible Vegetation/Models/Bush_Berries_Blue_Tall.fbx using Guid(d6a81325b0930744c9dae46b55a9fced) Importer(815301076,1909f56bfc062723c751e8b465ee728b)  -> (artifact id: 'fe61af1f3079489e55355a532993f4fd') in 0.001235 seconds
Number of updated asset objects reloaded before import = 0
Number of asset objects unloaded after import = 8
========================================================================
Received Import Request.
  Time since last request: 0.008394 seconds.
  path: Assets/AGWYN's Low Poly Destructible Vegetation/Models/Flower_Blue.fbx
  artifactKey: Guid(04f52161908922447b57ad728894dce7) Importer(815301076,1909f56bfc062723c751e8b465ee728b)
Start importing Assets/AGWYN's Low Poly Destructible Vegetation/Models/Flower_Blue.fbx using Guid(04f52161908922447b57ad728894dce7) Importer(815301076,1909f56bfc062723c751e8b465ee728b)  -> (artifact id: 'b76c3a7185f12abfa4c3bb2588fd2df9') in 0.001373 seconds
Number of updated asset objects reloaded before import = 0
Number of asset objects unloaded after import = 10
========================================================================
Received Import Request.
  Time since last request: 0.000012 seconds.
  path: Assets/AGWYN's Low Poly Destructible Vegetation/Models/Tree_Oak.fbx
  artifactKey: Guid(23863b998c108bb4a9634dec40b167d1) Importer(815301076,1909f56bfc062723c751e8b465ee728b)
Start importing Assets/AGWYN's Low Poly Destructible Vegetation/Models/Tree_Oak.fbx using Guid(23863b998c108bb4a9634dec40b167d1) Importer(815301076,1909f56bfc062723c751e8b465ee728b)  -> (artifact id: 'f6831b8602eae739846703f082174e7e') in 0.001317 seconds
Number of updated asset objects reloaded before import = 0
Number of asset objects unloaded after import = 8
========================================================================
Received Import Request.
  Time since last request: 0.000021 seconds.
  path: Assets/AGWYN's Low Poly Destructible Vegetation/Models/Misc_SugarCane_Stump.fbx
  artifactKey: Guid(81484075b04877942ac9354a708f7c14) Importer(815301076,1909f56bfc062723c751e8b465ee728b)
Start importing Assets/AGWYN's Low Poly Destructible Vegetation/Models/Misc_SugarCane_Stump.fbx using Guid(81484075b04877942ac9354a708f7c14) Importer(815301076,1909f56bfc062723c751e8b465ee728b)  -> (artifact id: 'ae3300fd477ba367610c689d125c1afb') in 0.001441 seconds
Number of updated asset objects reloaded before import = 0
Number of asset objects unloaded after import = 8
========================================================================
Received Import Request.
  Time since last request: 0.000011 seconds.
  path: Assets/AGWYN's Low Poly Destructible Vegetation/Models/Tree_Poplar.fbx
  artifactKey: Guid(c29da1de2bf564b4baefb83a6a3ec84a) Importer(815301076,1909f56bfc062723c751e8b465ee728b)
Start importing Assets/AGWYN's Low Poly Destructible Vegetation/Models/Tree_Poplar.fbx using Guid(c29da1de2bf564b4baefb83a6a3ec84a) Importer(815301076,1909f56bfc062723c751e8b465ee728b)  -> (artifact id: '4daa0c02d4ce915d70ce779714035721') in 0.001305 seconds
Number of updated asset objects reloaded before import = 0
Number of asset objects unloaded after import = 8
========================================================================
Received Import Request.
  Time since last request: 0.000011 seconds.
  path: Assets/AGWYN's Low Poly Destructible Vegetation/Models/Mushroom_RedWhite.fbx
  artifactKey: Guid(2ec45a562bda9174a89d38f912bf8ef7) Importer(815301076,1909f56bfc062723c751e8b465ee728b)
Start importing Assets/AGWYN's Low Poly Destructible Vegetation/Models/Mushroom_RedWhite.fbx using Guid(2ec45a562bda9174a89d38f912bf8ef7) Importer(815301076,1909f56bfc062723c751e8b465ee728b)  -> (artifact id: '512d10910f2d802ece3af5508e357671') in 0.001784 seconds
Number of updated asset objects reloaded before import = 0
Number of asset objects unloaded after import = 9
========================================================================
Received Import Request.
  Time since last request: 0.000012 seconds.
  path: Assets/AGWYN's Low Poly Destructible Vegetation/Models/Misc_SugarCane_Crown.fbx
  artifactKey: Guid(3475382de5a5b314a824a18b58851ed4) Importer(815301076,1909f56bfc062723c751e8b465ee728b)
Start importing Assets/AGWYN's Low Poly Destructible Vegetation/Models/Misc_SugarCane_Crown.fbx using Guid(3475382de5a5b314a824a18b58851ed4) Importer(815301076,1909f56bfc062723c751e8b465ee728b)  -> (artifact id: '7f64efbd07a4c6b49fb9c8dbc20b51e0') in 0.001489 seconds
Number of updated asset objects reloaded before import = 0
Number of asset objects unloaded after import = 9
========================================================================
Received Import Request.
  Time since last request: 0.000014 seconds.
  path: Assets/AGWYN's Low Poly Destructible Vegetation/Models/Tree_Apple.fbx
  artifactKey: Guid(0927e31ec4a50574eab8f6b01af22e4e) Importer(815301076,1909f56bfc062723c751e8b465ee728b)
Start importing Assets/AGWYN's Low Poly Destructible Vegetation/Models/Tree_Apple.fbx using Guid(0927e31ec4a50574eab8f6b01af22e4e) Importer(815301076,1909f56bfc062723c751e8b465ee728b)  -> (artifact id: 'a10a1623417cdfea06372454392a1a2e') in 0.001326 seconds
Number of updated asset objects reloaded before import = 0
Number of asset objects unloaded after import = 9
========================================================================
Received Import Request.
  Time since last request: 0.000010 seconds.
  path: Assets/AGWYN's Low Poly Destructible Vegetation/Models/Tree_Pine.fbx
  artifactKey: Guid(8b2617366ee504540a3ba09cd5e55373) Importer(815301076,1909f56bfc062723c751e8b465ee728b)
Start importing Assets/AGWYN's Low Poly Destructible Vegetation/Models/Tree_Pine.fbx using Guid(8b2617366ee504540a3ba09cd5e55373) Importer(815301076,1909f56bfc062723c751e8b465ee728b)  -> (artifact id: 'a41e9c46e667d199bc22b9c3283221de') in 0.001255 seconds
Number of updated asset objects reloaded before import = 0
Number of asset objects unloaded after import = 8
========================================================================
Received Import Request.
  Time since last request: 0.000010 seconds.
  path: Assets/AGWYN's Low Poly Destructible Vegetation/Models/Log.fbx
  artifactKey: Guid(c67f0765db7bf344791c04dc2aa91e62) Importer(815301076,1909f56bfc062723c751e8b465ee728b)
Start importing Assets/AGWYN's Low Poly Destructible Vegetation/Models/Log.fbx using Guid(c67f0765db7bf344791c04dc2aa91e62) Importer(815301076,1909f56bfc062723c751e8b465ee728b)  -> (artifact id: '4308240bfaaa09cd66006a85f5f4abd0') in 0.001059 seconds
Number of updated asset objects reloaded before import = 0
Number of asset objects unloaded after import = 8
========================================================================
Received Import Request.
  Time since last request: 0.000009 seconds.
  path: Assets/AGWYN's Low Poly Destructible Vegetation/Models/Bush_Berries_Red_Tall.fbx
  artifactKey: Guid(f97c06302a031544896047b23b4fa833) Importer(815301076,1909f56bfc062723c751e8b465ee728b)
Start importing Assets/AGWYN's Low Poly Destructible Vegetation/Models/Bush_Berries_Red_Tall.fbx using Guid(f97c06302a031544896047b23b4fa833) Importer(815301076,1909f56bfc062723c751e8b465ee728b)  -> (artifact id: '0f0961baa63c664d5118f06c2beed611') in 0.001356 seconds
Number of updated asset objects reloaded before import = 0
Number of asset objects unloaded after import = 8
========================================================================
Received Import Request.
  Time since last request: 0.000009 seconds.
  path: Assets/AGWYN's Low Poly Destructible Vegetation/Models/Log_Bundle.fbx
  artifactKey: Guid(5949db94e48b77642870ea6a8b1277b6) Importer(815301076,1909f56bfc062723c751e8b465ee728b)
Start importing Assets/AGWYN's Low Poly Destructible Vegetation/Models/Log_Bundle.fbx using Guid(5949db94e48b77642870ea6a8b1277b6) Importer(815301076,1909f56bfc062723c751e8b465ee728b)  -> (artifact id: '3784baed5cb77bf3a58aa02eb400559b') in 0.001455 seconds
Number of updated asset objects reloaded before import = 0
Number of asset objects unloaded after import = 8
========================================================================
Received Import Request.
  Time since last request: 0.000011 seconds.
  path: Assets/AGWYN's Low Poly Destructible Vegetation/Models/Misc_SugarCane.fbx
  artifactKey: Guid(4d51fded88cad1645a5e07ad22cabbde) Importer(815301076,1909f56bfc062723c751e8b465ee728b)
Start importing Assets/AGWYN's Low Poly Destructible Vegetation/Models/Misc_SugarCane.fbx using Guid(4d51fded88cad1645a5e07ad22cabbde) Importer(815301076,1909f56bfc062723c751e8b465ee728b)  -> (artifact id: '3fda33df1fb4ffd5e7cafb45d0daca60') in 0.001439 seconds
Number of updated asset objects reloaded before import = 0
Number of asset objects unloaded after import = 9
========================================================================
Received Import Request.
  Time since last request: 0.000012 seconds.
  path: Assets/AGWYN's Low Poly Destructible Vegetation/Models/Tree_Apple_Crown.fbx
  artifactKey: Guid(d21aedf96f53b994daee8ffe87d5be81) Importer(815301076,1909f56bfc062723c751e8b465ee728b)
Start importing Assets/AGWYN's Low Poly Destructible Vegetation/Models/Tree_Apple_Crown.fbx using Guid(d21aedf96f53b994daee8ffe87d5be81) Importer(815301076,1909f56bfc062723c751e8b465ee728b)  -> (artifact id: '5efe15c1a0379ad9b8a39b9ebd4eb542') in 0.001434 seconds
Number of updated asset objects reloaded before import = 0
Number of asset objects unloaded after import = 10
Editor requested this worker to shutdown with reason: Scaling down because of idle timeout
TcpMessagingSession - receive error: operation aborted. errorcode: 995, details: The I/O operation has been aborted because of either a thread exit or an application request.
AssetImportWorker is now disconnected from the server
Process exiting
Exiting without the bug reporter. Application will terminate with return code 0