Using pre-set license
Built from '2022.3/release' branch; Version is '2022.3.5f1 (9674261d40ee) revision 9860134'; Using compiler version '192829333'; Build Type 'Release'
OS: 'Windows 11  (10.0.22631) 64bit Professional' Language: 'en' Physical Memory: 16309 MB
BatchMode: 1, IsHumanControllingUs: 0, StartBugReporterOnCrash: 0, Is64bit: 1, IsPro: 1

COMMAND LINE ARGUMENTS:
E:\Program Files\Unity\Hub\Editor\2022.3.5f1\Editor\Unity.exe
-adb2
-batchMode
-noUpm
-name
AssetImportWorker5
-projectPath
E:/UnityProjects/AcerolaGameJam/Acerola_Game_Jam
-logFile
Logs/AssetImportWorker5.log
-srvPort
54586
Successfully changed project path to: E:/UnityProjects/AcerolaGameJam/Acerola_Game_Jam
E:/UnityProjects/AcerolaGameJam/Acerola_Game_Jam
[UnityMemory] Configuration Parameters - Can be set up in boot.config
    "memorysetup-bucket-allocator-granularity=16"
    "memorysetup-bucket-allocator-bucket-count=8"
    "memorysetup-bucket-allocator-block-size=33554432"
    "memorysetup-bucket-allocator-block-count=8"
    "memorysetup-main-allocator-block-size=16777216"
    "memorysetup-thread-allocator-block-size=16777216"
    "memorysetup-gfx-main-allocator-block-size=16777216"
    "memorysetup-gfx-thread-allocator-block-size=16777216"
    "memorysetup-cache-allocator-block-size=4194304"
    "memorysetup-typetree-allocator-block-size=2097152"
    "memorysetup-profiler-bucket-allocator-granularity=16"
    "memorysetup-profiler-bucket-allocator-bucket-count=8"
    "memorysetup-profiler-bucket-allocator-block-size=33554432"
    "memorysetup-profiler-bucket-allocator-block-count=8"
    "memorysetup-profiler-allocator-block-size=16777216"
    "memorysetup-profiler-editor-allocator-block-size=1048576"
    "memorysetup-temp-allocator-size-main=16777216"
    "memorysetup-job-temp-allocator-block-size=2097152"
    "memorysetup-job-temp-allocator-block-size-background=1048576"
    "memorysetup-job-temp-allocator-reduction-small-platforms=262144"
    "memorysetup-allocator-temp-initial-block-size-main=262144"
    "memorysetup-allocator-temp-initial-block-size-worker=262144"
    "memorysetup-temp-allocator-size-background-worker=32768"
    "memorysetup-temp-allocator-size-job-worker=262144"
    "memorysetup-temp-allocator-size-preload-manager=33554432"
    "memorysetup-temp-allocator-size-nav-mesh-worker=65536"
    "memorysetup-temp-allocator-size-audio-worker=65536"
    "memorysetup-temp-allocator-size-cloud-worker=32768"
    "memorysetup-temp-allocator-size-gi-baking-worker=262144"
    "memorysetup-temp-allocator-size-gfx=262144"
Player connection [28328] Host "[IP] 192.168.0.218 [Port] 0 [Flags] 2 [Guid] 3053218875 [EditorId] 3053218875 [Version] 1048832 [Id] WindowsEditor(7,DESKTOP-HVFPI29) [Debug] 1 [PackageName] WindowsEditor [ProjectName] Editor" joined multi-casting on [225.0.0.222:54997]...

Player connection [28328] Host "[IP] 192.168.0.218 [Port] 0 [Flags] 2 [Guid] 3053218875 [EditorId] 3053218875 [Version] 1048832 [Id] WindowsEditor(7,DESKTOP-HVFPI29) [Debug] 1 [PackageName] WindowsEditor [ProjectName] Editor" joined alternative multi-casting on [225.0.0.222:34997]...

Platform WindowsStandaloneSupport does not support graphics device type 
Refreshing native plugins compatible for Editor in 7.25 ms, found 0 plugins.
Preloading 0 native plugins for Editor in 0.00 ms.
Initialize engine version: 2022.3.5f1 (9674261d40ee)
[Subsystems] Discovering subsystems at path E:/Program Files/Unity/Hub/Editor/2022.3.5f1/Editor/Data/Resources/UnitySubsystems
[Subsystems] Discovering subsystems at path E:/UnityProjects/AcerolaGameJam/Acerola_Game_Jam/Assets
GfxDevice: creating device client; threaded=0; jobified=0
Direct3D:
    Version:  Direct3D 11.0 [level 11.1]
    Renderer: AMD Radeon RX 6800 (ID=0x73bf)
    Vendor:   ATI
    VRAM:     16338 MB
    Driver:   31.0.24002.92
Initialize mono
Mono path[0] = 'E:/Program Files/Unity/Hub/Editor/2022.3.5f1/Editor/Data/Managed'
Mono path[1] = 'E:/Program Files/Unity/Hub/Editor/2022.3.5f1/Editor/Data/MonoBleedingEdge/lib/mono/unityjit-win32'
Mono config path = 'E:/Program Files/Unity/Hub/Editor/2022.3.5f1/Editor/Data/MonoBleedingEdge/etc'
Using monoOptions --debugger-agent=transport=dt_socket,embedding=1,server=y,suspend=n,address=127.0.0.1:56816
Begin MonoManager ReloadAssembly
Registering precompiled unity dll's ...
Register platform support module: E:/Program Files/Unity/Hub/Editor/2022.3.5f1/Editor/Data/PlaybackEngines/WebGLSupport/UnityEditor.WebGL.Extensions.dll
Register platform support module: E:/Program Files/Unity/Hub/Editor/2022.3.5f1/Editor/Data/PlaybackEngines/WindowsStandaloneSupport/UnityEditor.WindowsStandalone.Extensions.dll
Registered in 0.004367 seconds.
- Loaded All Assemblies, in  0.328 seconds
Native extension for WindowsStandalone target not found
Native extension for WebGL target not found
Mono: successfully reloaded assembly
- Finished resetting the current domain, in  0.192 seconds
Domain Reload Profiling: 519ms
	BeginReloadAssembly (157ms)
		ExecutionOrderSort (0ms)
		DisableScriptedObjects (0ms)
		BackupInstance (0ms)
		ReleaseScriptingObjects (0ms)
		CreateAndSetChildDomain (1ms)
	RebuildCommonClasses (25ms)
	RebuildNativeTypeToScriptingClass (7ms)
	initialDomainReloadingComplete (38ms)
	LoadAllAssembliesAndSetupDomain (100ms)
		LoadAssemblies (159ms)
		RebuildTransferFunctionScriptingTraits (0ms)
		AnalyzeDomain (95ms)
			TypeCache.Refresh (95ms)
				TypeCache.ScanAssembly (87ms)
			ScanForSourceGeneratedMonoScriptInfo (0ms)
			ResolveRequiredComponents (0ms)
	FinalizeReload (192ms)
		ReleaseScriptCaches (0ms)
		RebuildScriptCaches (0ms)
		SetupLoadedEditorAssemblies (150ms)
			LogAssemblyErrors (0ms)
			InitializePlatformSupportModulesInManaged (7ms)
			SetLoadedEditorAssemblies (4ms)
			RefreshPlugins (0ms)
			BeforeProcessingInitializeOnLoad (2ms)
			ProcessInitializeOnLoadAttributes (102ms)
			ProcessInitializeOnLoadMethodAttributes (36ms)
			AfterProcessingInitializeOnLoad (0ms)
			EditorAssembliesLoaded (0ms)
		ExecutionOrderSort2 (0ms)
		AwakeInstancesAfterBackupRestoration (0ms)
========================================================================
Worker process is ready to serve import requests
Begin MonoManager ReloadAssembly
- Loaded All Assemblies, in  0.503 seconds
Refreshing native plugins compatible for Editor in 1.44 ms, found 0 plugins.
Native extension for WindowsStandalone target not found
Native extension for WebGL target not found
Mono: successfully reloaded assembly
- Finished resetting the current domain, in  0.379 seconds
Domain Reload Profiling: 882ms
	BeginReloadAssembly (116ms)
		ExecutionOrderSort (0ms)
		DisableScriptedObjects (5ms)
		BackupInstance (0ms)
		ReleaseScriptingObjects (0ms)
		CreateAndSetChildDomain (16ms)
	RebuildCommonClasses (25ms)
	RebuildNativeTypeToScriptingClass (7ms)
	initialDomainReloadingComplete (29ms)
	LoadAllAssembliesAndSetupDomain (326ms)
		LoadAssemblies (249ms)
		RebuildTransferFunctionScriptingTraits (0ms)
		AnalyzeDomain (147ms)
			TypeCache.Refresh (132ms)
				TypeCache.ScanAssembly (125ms)
			ScanForSourceGeneratedMonoScriptInfo (9ms)
			ResolveRequiredComponents (6ms)
	FinalizeReload (380ms)
		ReleaseScriptCaches (0ms)
		RebuildScriptCaches (0ms)
		SetupLoadedEditorAssemblies (279ms)
			LogAssemblyErrors (0ms)
			InitializePlatformSupportModulesInManaged (4ms)
			SetLoadedEditorAssemblies (3ms)
			RefreshPlugins (0ms)
			BeforeProcessingInitializeOnLoad (38ms)
			ProcessInitializeOnLoadAttributes (181ms)
			ProcessInitializeOnLoadMethodAttributes (51ms)
			AfterProcessingInitializeOnLoad (2ms)
			EditorAssembliesLoaded (0ms)
		ExecutionOrderSort2 (0ms)
		AwakeInstancesAfterBackupRestoration (5ms)
Platform WindowsStandaloneSupport does not support graphics device type 
Launched and connected shader compiler UnityShaderCompiler.exe after 0.04 seconds
Refreshing native plugins compatible for Editor in 1.14 ms, found 0 plugins.
Preloading 0 native plugins for Editor in 0.00 ms.
Unloading 2842 Unused Serialized files (Serialized files now loaded: 0)
Unloading 111 unused Assets / (2.8 MB). Loaded Objects now: 3298.
Memory consumption went from 161.2 MB to 158.5 MB.
Total: 3.229400 ms (FindLiveObjects: 0.161300 ms CreateObjectMapping: 0.090800 ms MarkObjects: 2.179700 ms  DeleteObjects: 0.796900 ms)

AssetImportParameters requested are different than current active one (requested -> active):
  custom:video-decoder-webm-vp8: 9c59270c3fd7afecdb556c50c9e8de78 -> 
  custom:scripting/monoscript/fileName/Image.cs: dab426e5f5622a0f37965b80d0c94886 -> f32195bbbc1ca9edcb6c8c6185597e40
  custom:container-demuxer-ogg: 62fdf1f143b41e24485cea50d1cbac27 -> 
  custom:AudioImporter_EditorPlatform: d09bf68614088b80899f8185d706f6e7 -> 
  custom:scripting/monoscript/fileName/TestAdaptor.cs: 1eba32971501e8ea77656cefad78e8dd -> 486cec8559bad7c56adc699f165feb67
  custom:video-codec-MediaFoundation-h265: 746d11721c4dcdbdad8f713fa42b33f4 -> 
  custom:video-decoder-ogg-theora: a1e56fd34408186e4bbccfd4996cb3dc -> 
  custom:scripting/monoscript/fileName/Character_Controller.cs: 145c4e8e0e36ecbaab6af98fa3c1e463 -> 62e2e47a0767398c7c00dd2d19fbeca6
  custom:framework-win-MediaFoundation: 216162199b28c13a410421893ffa2e32 -> 
  custom:video-encoder-webm-vp8: eb34c28f22e8b96e1ab97ce403110664 -> 
  custom:audio-decoder-ogg-vorbis: bf7c407c2cedff20999df2af8eb42d56 -> 
  custom:scripting/monoscript/fileName/TestResultAdaptor.cs: 01f13b05c54997e79e13f4344e180695 -> fb4db3971d5379750cda884e7e44e3e4
  custom:CustomObjectIndexerAttribute: a3ef5dd2817f97addfee359851a9dba5 -> 
  custom:scripting/monoscript/fileName/Message.cs: 8bedd82aba9fbcb31fd5e4f234690efd -> 671a789acb2c7a93d0b620fe02979957
  custom:container-demuxer-webm: 4f35f7cbe854078d1ac9338744f61a02 -> 
  custom:audio-encoder-webm-vorbis: bf7c407c2cedff20999df2af8eb42d56 -> 
  custom:container-muxer-webm: aa71ff27fc2769a1b78a27578f13a17b -> 
  custom:scripting/monoscript/fileName/UdpSocket.cs:  -> 7555d065f81d23e6604acb91cf79ddd6
  custom:scripting/monoscript/fileName/Cli.cs:  -> d287e08b50f2cb135aa4d7f8e01b7ef9
  custom:scripting/monoscript/fileName/MessageEventArgs.cs:  -> 528473bbcee3623fe954627c6bfadd2e
  custom:scripting/monoscript/fileName/ProjectProperties.cs:  -> 407063898a13eaad2cd100e43551c6b5
  custom:scripting/monoscript/fileName/KnownAssemblies.cs:  -> 286bea9f8fcee5e392f6fc0f0cd541c8
  custom:scripting/monoscript/fileName/SimpleJSON.cs:  -> 70c028a07c79c166db015acda1282d86
  custom:scripting/monoscript/fileName/UnityInstallation.cs:  -> 0ba30d4545f2c34a9323456723b5dbfe
  custom:scripting/monoscript/fileName/SolutionProjectEntry.cs:  -> 68cea09e9af09443edf61e18806ac1c2
  custom:scripting/monoscript/fileName/VisualStudioForWindowsInstallation.cs:  -> 468ed6fb57813d3de23aa53f5f59c2eb
  custom:scripting/monoscript/fileName/TcpListener.cs:  -> 940bfdac0e91ad2884e6359468f2782a
  custom:scripting/monoscript/fileName/SolutionParser.cs:  -> 240a75b5fc2682997268aa77e6a1dd86
  custom:scripting/monoscript/fileName/TcpClient.cs:  -> a949cfd4c46427829913ee0195fa0103
  custom:scripting/monoscript/fileName/Discovery.cs:  -> 2653aab1b250aaf4e3b996846f31c100
  custom:scripting/monoscript/fileName/LegacyStyleProjectGeneration.cs:  -> 4858a0ab74312ccaa3ff27a510a9d575
  custom:scripting/monoscript/fileName/FileUtility.cs:  -> 2ac32d1be3995576c010e03a17edbd93
  custom:scripting/monoscript/fileName/VisualStudioIntegration.cs:  -> f9e623c49f9f20ea97a4519aa48d72d4
  custom:scripting/monoscript/fileName/FileIOProvider.cs:  -> c6be7d53b71e2f5ee2ecc596b7a7eb95
  custom:scripting/monoscript/fileName/SdkStyleProjectGeneration.cs:  -> bbd8a39d16aad1a0b8d5240b1f43f4a4
  custom:scripting/monoscript/fileName/Messenger.cs:  -> f4ebc46d09b2b4de489946914db2aae0
  custom:scripting/monoscript/fileName/ProcessRunner.cs:  -> 932a2a80cb9a3539199f645deff3c585
  custom:scripting/monoscript/fileName/ExceptionEventArgs.cs:  -> 27cb4c00a4137b184e01164606c88685
  custom:scripting/monoscript/fileName/SolutionProperties.cs:  -> ab8751e49ae2f3d9994444a0a38619bd
  custom:scripting/monoscript/fileName/ProjectGeneration.cs:  -> 214ca3c28296f47a7d19f1fd999fc81d
  custom:scripting/monoscript/fileName/TestRunnerApiListener.cs:  -> cc17cec8825a8f933d6ecbd68d51f1de
  custom:scripting/monoscript/fileName/Symbols.cs:  -> 27613575e8bda8a6448f80ff27c488f9
  custom:scripting/monoscript/fileName/VersionPair.cs:  -> 88b4a0b7e953537f26ded0a68cf4c238
  custom:scripting/monoscript/fileName/AssemblyNameProvider.cs:  -> 79a56fbd4fb93531a5e76fae2fee1660
  custom:scripting/monoscript/fileName/VisualStudioEditor.cs:  -> 21e59f688ad500ab61aca318850ec505
  custom:scripting/monoscript/fileName/VisualStudioInstallation.cs:  -> 41612f13db7783c8635801ab159c1079
  custom:scripting/monoscript/fileName/Serializer.cs:  -> d7df1b97d0a3bd0bb98fd4d2d5bf5d29
  custom:scripting/monoscript/fileName/Deserializer.cs:  -> 1cc72e9ed2428cc6d6ce2d4d2ad7b02b
  custom:scripting/precompiled-assembly-types:Unity.VisualStudio.Editor:  -> 8196c7ff3a716df6975b114b464f1975
  custom:scripting/monoscript/fileName/Solution.cs:  -> 8bc97d0abd509f39b67b3a5bbac1b9a1
  custom:scripting/monoscript/fileName/TestRunnerCallbacks.cs:  -> 5627cb9f4ed769fba607b0cab8e9e63d
  custom:scripting/monoscript/fileName/AsyncOperation.cs:  -> 90647cc400823b41df847a6cbfc29026
  custom:scripting/monoscript/fileName/GUIDProvider.cs:  -> e95f79fad3d1354cc56eebd7db9ee6a3
  custom:scripting/monoscript/fileName/UsageUtility.cs:  -> 5ed3d13206b2b96245ce59a5c83beed1
  custom:scripting/monoscript/fileName/VisualStudioCodeInstallation.cs:  -> 6b6ec59c4ff0bddfc5db8b3c453d5172
